Library/Bee/Android/Prj/Mono2x/Gradle/launcher/build/intermediates/manifest_merge_blame_file/release/manifest-merger-blame-release-report.txt
1<?xml version="1.0" encoding="utf-8"?>
2<manifest xmlns:android="http://schemas.android.com/apk/res/android"
3    package="com.TheBestCompany.VArrrrrrr"
4    android:installLocation="auto"
5    android:versionCode="1"
6    android:versionName="0.1" >
7
8    <uses-sdk
9        android:minSdkVersion="25"
9-->src/main/AndroidManifest.xml
10        android:targetSdkVersion="32" />
10-->src/main/AndroidManifest.xml
11
12    <supports-screens
12-->src/main/AndroidManifest.xml:4:3-163
13        android:anyDensity="true"
13-->src/main/AndroidManifest.xml:4:135-160
14        android:largeScreens="true"
14-->src/main/AndroidManifest.xml:4:78-105
15        android:normalScreens="true"
15-->src/main/AndroidManifest.xml:4:49-77
16        android:smallScreens="true"
16-->src/main/AndroidManifest.xml:4:21-48
17        android:xlargeScreens="true" />
17-->src/main/AndroidManifest.xml:4:106-134
18
19    <uses-permission android:name="android.permission.INTERNET" />
19-->[:unityLibrary] AndroidManifest.xml:11:5-67
19-->[:unityLibrary] AndroidManifest.xml:11:22-64
20    <uses-permission android:name="android.permission.ACCESS_NETWORK_STATE" />
20-->[:unityLibrary] AndroidManifest.xml:12:5-79
20-->[:unityLibrary] AndroidManifest.xml:12:22-76
21    <uses-permission android:name="android.permission.RECORD_AUDIO" />
21-->[:unityLibrary] AndroidManifest.xml:13:5-71
21-->[:unityLibrary] AndroidManifest.xml:13:22-68
22    <uses-permission android:name="android.permission.MODIFY_AUDIO_SETTINGS" />
22-->[:unityLibrary] AndroidManifest.xml:14:5-80
22-->[:unityLibrary] AndroidManifest.xml:14:22-77
23
24    <uses-feature android:glEsVersion="0x00030000" />
24-->[:unityLibrary] AndroidManifest.xml:16:5-54
24-->[:unityLibrary] AndroidManifest.xml:16:19-51
25    <uses-feature
25-->[:unityLibrary] AndroidManifest.xml:17:5-19:36
26        android:name="android.hardware.vulkan.version"
26-->[:unityLibrary] AndroidManifest.xml:18:9-55
27        android:required="false" />
27-->[:unityLibrary] AndroidManifest.xml:19:9-33
28    <uses-feature
28-->[:unityLibrary] AndroidManifest.xml:20:5-22:36
29        android:name="android.hardware.microphone"
29-->[:unityLibrary] AndroidManifest.xml:21:9-51
30        android:required="false" />
30-->[:unityLibrary] AndroidManifest.xml:22:9-33
31    <uses-feature
31-->[:unityLibrary] AndroidManifest.xml:23:5-25:36
32        android:name="android.hardware.touchscreen"
32-->[:unityLibrary] AndroidManifest.xml:24:9-52
33        android:required="false" />
33-->[:unityLibrary] AndroidManifest.xml:25:9-33
34    <uses-feature
34-->[:unityLibrary] AndroidManifest.xml:26:5-28:36
35        android:name="android.hardware.touchscreen.multitouch"
35-->[:unityLibrary] AndroidManifest.xml:27:9-63
36        android:required="false" />
36-->[:unityLibrary] AndroidManifest.xml:28:9-33
37    <uses-feature
37-->[:unityLibrary] AndroidManifest.xml:29:5-31:36
38        android:name="android.hardware.touchscreen.multitouch.distinct"
38-->[:unityLibrary] AndroidManifest.xml:30:9-72
39        android:required="false" />
39-->[:unityLibrary] AndroidManifest.xml:31:9-33
40    <uses-feature
40-->[:unityLibrary] AndroidManifest.xml:32:5-35:31
41        android:name="android.hardware.vr.headtracking"
41-->[:unityLibrary] AndroidManifest.xml:33:9-56
42        android:required="true"
42-->[:unityLibrary] AndroidManifest.xml:34:9-32
43        android:version="1" />
43-->[:unityLibrary] AndroidManifest.xml:35:9-28
44
45    <application
45-->src/main/AndroidManifest.xml:3:3-83
46        android:allowBackup="false"
46-->[:unityLibrary] AndroidManifest.xml:38:9-36
47        android:extractNativeLibs="true"
47-->[:unityLibrary] AndroidManifest.xml:39:9-41
48        android:icon="@mipmap/app_icon"
48-->src/main/AndroidManifest.xml:3:49-80
49        android:label="@string/app_name"
49-->src/main/AndroidManifest.xml:3:16-48
50        android:networkSecurityConfig="@xml/network_sec_config" >
50-->[:unityLibrary] AndroidManifest.xml:42:9-64
51        <meta-data
51-->[:unityLibrary] AndroidManifest.xml:43:9-45:33
52            android:name="unity.splash-mode"
52-->[:unityLibrary] AndroidManifest.xml:44:13-45
53            android:value="0" />
53-->[:unityLibrary] AndroidManifest.xml:45:13-30
54        <meta-data
54-->[:unityLibrary] AndroidManifest.xml:46:9-48:36
55            android:name="unity.splash-enable"
55-->[:unityLibrary] AndroidManifest.xml:47:13-47
56            android:value="True" />
56-->[:unityLibrary] AndroidManifest.xml:48:13-33
57        <meta-data
57-->[:unityLibrary] AndroidManifest.xml:49:9-51:36
58            android:name="unity.launch-fullscreen"
58-->[:unityLibrary] AndroidManifest.xml:50:13-51
59            android:value="True" />
59-->[:unityLibrary] AndroidManifest.xml:51:13-33
60        <meta-data
60-->[:unityLibrary] AndroidManifest.xml:52:9-54:50
61            android:name="notch.config"
61-->[:unityLibrary] AndroidManifest.xml:53:13-40
62            android:value="portrait|landscape" />
62-->[:unityLibrary] AndroidManifest.xml:54:13-47
63        <meta-data
63-->[:unityLibrary] AndroidManifest.xml:55:9-57:36
64            android:name="unity.auto-report-fully-drawn"
64-->[:unityLibrary] AndroidManifest.xml:56:13-57
65            android:value="true" />
65-->[:unityLibrary] AndroidManifest.xml:57:13-33
66
67        <activity
67-->[:unityLibrary] AndroidManifest.xml:59:9-85:20
68            android:name="com.unity3d.player.UnityPlayerActivity"
68-->[:unityLibrary] AndroidManifest.xml:60:13-66
69            android:configChanges="keyboard|keyboardHidden|navigation|orientation|screenLayout|screenSize|uiMode|density"
69-->[:unityLibrary] AndroidManifest.xml:61:13-122
70            android:exported="true"
70-->[:unityLibrary] AndroidManifest.xml:62:13-36
71            android:hardwareAccelerated="false"
71-->[:unityLibrary] AndroidManifest.xml:63:13-48
72            android:launchMode="singleTask"
72-->[:unityLibrary] AndroidManifest.xml:64:13-44
73            android:resizeableActivity="false"
73-->[:unityLibrary] AndroidManifest.xml:65:13-47
74            android:screenOrientation="landscape"
74-->[:unityLibrary] AndroidManifest.xml:66:13-50
75            android:theme="@android:style/Theme.Black.NoTitleBar.Fullscreen" >
75-->[:unityLibrary] AndroidManifest.xml:67:13-77
76            <intent-filter>
76-->[:unityLibrary] AndroidManifest.xml:68:13-74:29
77                <category android:name="android.intent.category.LAUNCHER" />
77-->[:unityLibrary] AndroidManifest.xml:69:17-77
77-->[:unityLibrary] AndroidManifest.xml:69:27-74
78
79                <action android:name="android.intent.action.MAIN" />
79-->[:unityLibrary] AndroidManifest.xml:71:17-69
79-->[:unityLibrary] AndroidManifest.xml:71:25-66
80
81                <category android:name="com.oculus.intent.category.VR" />
81-->[:unityLibrary] AndroidManifest.xml:73:17-74
81-->[:unityLibrary] AndroidManifest.xml:73:27-71
82            </intent-filter>
83
84            <meta-data
84-->[:unityLibrary] AndroidManifest.xml:76:13-78:40
85                android:name="unityplayer.UnityActivity"
85-->[:unityLibrary] AndroidManifest.xml:77:17-57
86                android:value="true" />
86-->[:unityLibrary] AndroidManifest.xml:78:17-37
87            <meta-data
87-->[:unityLibrary] AndroidManifest.xml:79:13-81:40
88                android:name="notch_support"
88-->[:unityLibrary] AndroidManifest.xml:80:17-45
89                android:value="true" />
89-->[:unityLibrary] AndroidManifest.xml:81:17-37
90            <meta-data
90-->[:unityLibrary] AndroidManifest.xml:82:13-84:40
91                android:name="com.oculus.vr.focusaware"
91-->[:unityLibrary] AndroidManifest.xml:83:17-56
92                android:value="true" />
92-->[:unityLibrary] AndroidManifest.xml:84:17-37
93        </activity>
94
95        <meta-data
95-->[:unityLibrary] AndroidManifest.xml:87:9-89:39
96            android:name="com.samsung.android.vr.application.mode"
96-->[:unityLibrary] AndroidManifest.xml:88:13-67
97            android:value="vr_only" />
97-->[:unityLibrary] AndroidManifest.xml:89:13-36
98        <meta-data
98-->[:unityLibrary] AndroidManifest.xml:90:9-92:37
99            android:name="com.unity.xr.oculus.LowOverheadMode"
99-->[:unityLibrary] AndroidManifest.xml:91:13-63
100            android:value="false" />
100-->[:unityLibrary] AndroidManifest.xml:92:13-34
101        <meta-data
101-->[:unityLibrary] AndroidManifest.xml:93:9-95:37
102            android:name="com.unity.xr.oculus.LateLatching"
102-->[:unityLibrary] AndroidManifest.xml:94:13-60
103            android:value="false" />
103-->[:unityLibrary] AndroidManifest.xml:95:13-34
104        <meta-data
104-->[:unityLibrary] AndroidManifest.xml:96:9-98:37
105            android:name="com.unity.xr.oculus.LateLatchingDebug"
105-->[:unityLibrary] AndroidManifest.xml:97:13-65
106            android:value="false" />
106-->[:unityLibrary] AndroidManifest.xml:98:13-34
107        <meta-data
107-->[:unityLibrary] AndroidManifest.xml:99:9-101:47
108            android:name="com.oculus.supportedDevices"
108-->[:unityLibrary] AndroidManifest.xml:100:13-55
109            android:value="quest2|questpro" />
109-->[:unityLibrary] AndroidManifest.xml:101:13-44
110    </application>
111
112</manifest>